[0m17:31:07.503952 [debug] [MainThread]: Sending event: {'category': 'dbt', 'action': 'invocation', 'label': 'start', 'context': [<snowplow_tracker.self_describing_json.SelfDescribingJson object at 0x1068ce9f0>, <snowplow_tracker.self_describing_json.SelfDescribingJson object at 0x106eca1b0>, <snowplow_tracker.self_describing_json.SelfDescribingJson object at 0x106ec9d90>]}


============================== 17:31:07.507483 | 5467bda7-1af6-4834-96c5-b72198641dd1 ==============================
[0m17:31:07.507483 [info ] [MainThread]: Running with dbt=1.9.4
[0m17:31:07.507907 [debug] [MainThread]: running dbt with arguments {'printer_width': '80', 'indirect_selection': 'eager', 'log_cache_events': 'False', 'write_json': 'True', 'partial_parse': 'True', 'cache_selected_only': 'False', 'profiles_dir': '/Users/moeinfahmide/.dbt', 'fail_fast': 'False', 'warn_error': 'None', 'log_path': 'logs', 'version_check': 'True', 'debug': 'False', 'use_colors': 'True', 'use_experimental_parser': 'False', 'empty': 'None', 'quiet': 'False', 'no_print': 'None', 'warn_error_options': 'WarnErrorOptions(include=[], exclude=[])', 'invocation_command': 'dbt init open_air_dbt', 'static_parser': 'True', 'introspect': 'True', 'target_path': 'None', 'log_format': 'default', 'send_anonymous_usage_stats': 'True'}
[0m17:31:07.521512 [debug] [MainThread]: Starter project path: /Users/moeinfahmide/miniconda3/envs/open-air/lib/python3.12/site-packages/dbt/include/starter_project
[0m17:31:07.526278 [info ] [MainThread]: 
Your new dbt project "open_air_dbt" was created!

For more information on how to configure the profiles.yml file,
please consult the dbt documentation here:

  https://docs.getdbt.com/docs/configure-your-profile

One more thing:

Need help? Don't hesitate to reach out to us via GitHub issues or on Slack:

  https://community.getdbt.com/

Happy modeling!

[0m17:31:07.526568 [info ] [MainThread]: Setting up your profile.
[0m17:33:29.958437 [info ] [MainThread]: Profile open_air_dbt written to /Users/moeinfahmide/.dbt/profiles.yml using target's profile_template.yml and your supplied values. Run 'dbt debug' to validate the connection.
[0m17:33:29.962141 [debug] [MainThread]: Resource report: {"command_name": "init", "command_success": true, "command_wall_clock_time": 142.51381, "process_in_blocks": "0", "process_kernel_time": 0.142225, "process_mem_max_rss": "108068864", "process_out_blocks": "0", "process_user_time": 0.906556}
[0m17:33:29.962537 [debug] [MainThread]: Command `dbt init` succeeded at 17:33:29.962450 after 142.51 seconds
[0m17:33:29.962974 [debug] [MainThread]: Sending event: {'category': 'dbt', 'action': 'invocation', 'label': 'end', 'context': [<snowplow_tracker.self_describing_json.SelfDescribingJson object at 0x106ca3bf0>, <snowplow_tracker.self_describing_json.SelfDescribingJson object at 0x106eca000>, <snowplow_tracker.self_describing_json.SelfDescribingJson object at 0x106eca240>]}
[0m17:33:29.963298 [debug] [MainThread]: Flushing usage events
[0m17:33:30.841673 [debug] [MainThread]: An error was encountered while trying to flush usage events
